<?xml version="1.0" encoding="UTF-8"?>
<testsuite xmlns:xsi="http://www.w3.org/2001/XMLSchema-instance" xsi:noNamespaceSchemaLocation="https://maven.apache.org/surefire/maven-surefire-plugin/xsd/surefire-test-report-3.0.xsd" version="3.0" name="com.byteeditor.core.TextBufferTest" time="0.07" tests="25" errors="0" skipped="0" failures="0">
  <properties>
[...]
</properties>
  <testcase name="getTextRoundTripsThroughMultipleLines" classname="com.byteeditor.core.TextBufferTest" time="0.001"/>
  <testcase name="cursorClampsToValidRangeOnSetCursor" classname="com.byteeditor.core.TextBufferTest" time="0.0"/>
  <testcase name="redoReappliesUndoneEdit" classname="com.byteeditor.core.TextBufferTest" time="0.004"/>
  <testcase name="backspaceOnEmptyBufferAtOriginDoesNothing" classname="com.byteeditor.core.TextBufferTest" time="0.0"/>
  <testcase name="insertTextPastesMultilineBlockAsOneUndoStep" classname="com.byteeditor.core.TextBufferTest" time="0.001"/>
  <testcase name="deleteForwardAtVeryEndDoesNothing" classname="com.byteeditor.core.TextBufferTest" time="0.002"/>
  <testcase name="backspaceDoesNotSplitSurrogatePair" classname="com.byteeditor.core.TextBufferTest" time="0.001"/>
  <testcase name="deleteForwardDoesNotSplitSurrogatePair" classname="com.byteeditor.core.TextBufferTest" time="0.001"/>
  <testcase name="insertNewlineSplitsLine" classname="com.byteeditor.core.TextBufferTest" time="0.001"/>
  <testcase name="newEditAfterUndoClearsRedoStack" classname="com.byteeditor.core.TextBufferTest" time="0.001"/>
  <testcase name="deleteForwardAtEndOfLineMergesWithNext" classname="com.byteeditor.core.TextBufferTest" time="0.001"/>
  <testcase name="backspaceAtStartOfLineMergesWithPrevious" classname="com.byteeditor.core.TextBufferTest" time="0.001"/>
  <testcase name="undoReversesInsert" classname="com.byteeditor.core.TextBufferTest" time="0.001"/>
  <testcase name="insertTextHandlesHugePasteEfficientlyAndCorrectly" classname="com.byteeditor.core.TextBufferTest" time="0.006"/>
  <testcase name="insertTextNormalizesCrlfAndLoneCr" classname="com.byteeditor.core.TextBufferTest" time="0.0"/>
  <testcase name="insertCharAcceptsFullCodePointForAstralCharacters" classname="com.byteeditor.core.TextBufferTest" time="0.001"/>
  <testcase name="cursorMovementNeverSplitsSurrogatePair" classname="com.byteeditor.core.TextBufferTest" time="0.003"/>
  <testcase name="newBufferHasSingleEmptyLine" classname="com.byteeditor.core.TextBufferTest" time="0.001"/>
  <testcase name="insertSingleCharacter" classname="com.byteeditor.core.TextBufferTest" time="0.0"/>
  <testcase name="saveClearsDirtyFlag" classname="com.byteeditor.core.TextBufferTest" time="0.032"/>
  <testcase name="undoAcrossLineSplitAndMergeRoundTrips" classname="com.byteeditor.core.TextBufferTest" time="0.001"/>
  <testcase name="moveUpAndDownClampColumnToShorterLines" classname="com.byteeditor.core.TextBufferTest" time="0.0"/>
  <testcase name="multipleUndoRedoCyclesPreserveHistory" classname="com.byteeditor.core.TextBufferTest" time="0.0"/>
  <testcase name="emptyFileLoadsAsSingleEmptyLine" classname="com.byteeditor.core.TextBufferTest" time="0.001"/>
  <testcase name="insertBuildsUpAWord" classname="com.byteeditor.core.TextBufferTest" time="0.0"/>
</testsuite>