<?xml version="1.0" encoding="UTF-8"?>
<testsuite xmlns:xsi="http://www.w3.org/2001/XMLSchema-instance" xsi:noNamespaceSchemaLocation="https://maven.apache.org/surefire/maven-surefire-plugin/xsd/surefire-test-report-3.0.xsd" version="3.0" name="com.byteeditor.core.build.MavenBuildProviderTest" time="0.006" tests="5" errors="0" skipped="0" failures="0">
  <properties>
[...]
</properties>
  <testcase name="runCommandUsesConfiguredMvnExecutable" classname="com.byteeditor.core.build.MavenBuildProviderTest" time="0.0"/>
  <testcase name="mavenCommandForcesBatchModeAndNoColor" classname="com.byteeditor.core.build.MavenBuildProviderTest" time="0.0"/>
  <testcase name="runCommandUsesExecExecWithASeparateJavaProcess" classname="com.byteeditor.core.build.MavenBuildProviderTest" time="0.001"/>
  <testcase name="supportsReturnsTrueOnlyForMavenProjects" classname="com.byteeditor.core.build.MavenBuildProviderTest" time="0.001"/>
  <testcase name="buildAndTestRejectNonMavenProjects" classname="com.byteeditor.core.build.MavenBuildProviderTest" time="0.002"/>
</testsuite>